#
# There is insufficient memory for the Java Runtime Environment to continue.
# Native memory allocation (malloc) failed to allocate 32744 bytes for ChunkPool::allocate
# Possible reasons:
#   The system is out of physical RAM or swap space
#   In 32 bit mode, the process size limit was hit
# Possible solutions:
#   Reduce memory load on the system
#   Increase physical memory or swap space
#   Check if swap backing store is full
#   Use 64 bit Java on a 64 bit OS
#   Decrease Java heap size (-Xmx/-Xms)
#   Decrease number of Java threads
#   Decrease Java thread stack sizes (-Xss)
#   Set larger code cache with -XX:ReservedCodeCacheSize=
# This output file may be truncated or incomplete.
#
#  Out of Memory Error (allocation.cpp:273), pid=14984, tid=0x0000000000003718
#
# JRE version: OpenJDK Runtime Environment (8.0_152-b01) (build 1.8.0_152-release-1248-b01)
# Java VM: OpenJDK 64-Bit Server VM (25.152-b01 mixed mode windows-amd64 compressed oops)
# Failed to write core dump. Minidumps are not enabled by default on client versions of Windows
#

---------------  T H R E A D  ---------------

Current thread (0x0000000053d35000):  JavaThread "C1 CompilerThread2" daemon [_thread_in_native, id=14104, stack(0x0000000054760000,0x0000000054860000)]

Stack: [0x0000000054760000,0x0000000054860000]
[error occurred during error reporting (printing stack bounds), id 0xc0000005]

Native frames: (J=compiled Java code, j=interpreted, Vv=VM code, C=native code)


Current CompileTask:
C1:    295   52       3       java.lang.String::
[error occurred during error reporting (printing current compile task), id 0xe0000001]


---------------  P R O C E S S  ---------------

Java Threads: ( => current thread )
  0x0000000053d97800 JavaThread "Service Thread" daemon [_thread_blocked, id=10900, stack(0x0000000054860000,0x0000000054960000)]
=>0x0000000053d35000 JavaThread "C1 CompilerThread2" daemon [_thread_in_native, id=14104, stack(0x0000000054760000,0x0000000054860000)]
  0x0000000053d30000 JavaThread "C2 CompilerThread1" daemon [_thread_in_native, id=18348, stack(0x0000000054640000,0x0000000054740000)]
  0x000000005212f800 JavaThread "C2 CompilerThread0" daemon [_thread_in_vm, id=3764, stack(0x0000000054160000,0x0000000054260000)]
  0x0000000053d1a800 JavaThread "Attach Listener" daemon [_thread_blocked, id=17636, stack(0x0000000054440000,0x0000000054540000)]
  0x000000005211f800 JavaThread "Signal Dispatcher" daemon [_thread_blocked, id=14080, stack(0x0000000054290000,0x0000000054390000)]
  0x000000005210a800 JavaThread "Finalizer" daemon [_thread_blocked, id=16760, stack(0x0000000053c10000,0x0000000053d10000)]
  0x00000000520c1800 JavaThread "Reference Handler" daemon [_thread_blocked, id=9096, stack(0x0000000053aa0000,0x0000000053ba0000)]
  0x000000000043f000 JavaThread "main" [_thread_in_native, id=9468, stack(0x0000000002260000,0x0000000002360000)]

Other Threads:
  0x00000000520ba000 VMThread [stack: 0x0000000053980000,0x0000000053a80000] [id=11804]
  0x0000000053d9a800 WatcherThread [stack: 0x0000000054980000,0x0000000054a80000] [id=18532]

VM state:not at safepoint (normal execution)

VM Mutex/Monitor currently owned by a thread: None

Heap:
 PSYoungGen      total 18944K, used 1966K [0x00000000feb00000, 0x0000000100000000, 0x0000000100000000)
  eden space 16384K, 12% used [0x00000000feb00000,0x00000000feceba38,0x00000000ffb00000)
  from space 2560K, 0% used [0x00000000ffd80000,0x00000000ffd80000,0x0000000100000000)
  to   space 2560K, 0% used [0x00000000ffb00000,0x00000000ffb00000,0x00000000ffd80000)
 ParOldGen       total 44032K, used 0K [0x00000000fc000000, 0x00000000feb00000, 0x00000000feb00000)
  object space 44032K, 0% used [0x00000000fc000000,0x00000000fc000000,0x00000000feb00000)
 Metaspace       used 3475K, capacity 4652K, committed 4864K, reserved 1056768K
  class space    used 363K, capacity 424K, committed 512K, reserved 1048576K

Card table byte_map: [0x0000000000450000,0x0000000000480000] byte_map_base: 0xffffffffffc70000

Marking Bits: (ParMarkBitMap*) 0x0000000068575aa0
 Begin Bits: [0x0000000011d30000, 0x0000000011e30000)
 End Bits:   [0x0000000011e30000, 0x0000000011f30000)

Polling page: 0x0000000000410000

CodeCache: size=245760Kb used=1152Kb max_used=1152Kb free=244607Kb
 bounds [0x0000000002360000, 0x00000000025d0000, 0x0000000011360000]
 total_blobs=306 nmethods=51 adapters=169
 compilation: enabled

Compilation events (10 events):
Event: 0.291 Thread 0x0000000053d35000   48       3       java.lang.StringBuilder::<init> (7 bytes)
Event: 0.291 Thread 0x0000000053d35000 nmethod 48 0x000000000247e310 code [0x000000000247e480, 0x000000000247e730]
Event: 0.292 Thread 0x0000000053d35000   49       3       java.util.Hashtable::addEntry (87 bytes)
Event: 0.292 Thread 0x0000000053d35000 nmethod 49 0x000000000247e850 code [0x000000000247ea00, 0x000000000247f038]
Event: 0.292 Thread 0x0000000053d35000   50       3       java.lang.Character::toLowerCase (6 bytes)
Event: 0.292 Thread 0x0000000053d35000 nmethod 50 0x000000000247f350 code [0x000000000247f4c0, 0x000000000247f758]
Event: 0.292 Thread 0x0000000053d35000   51       3       java.lang.String::indexOf (166 bytes)
Event: 0.293 Thread 0x0000000053d35000 nmethod 51 0x000000000247f890 code [0x000000000247fa40, 0x0000000002480090]
Event: 0.293 Thread 0x0000000053d35000   52       3       java.lang.String::toLowerCase (439 bytes)
Event: 0.294 Thread 0x0000000053d30000   56       4       java.lang.CharacterData::of (120 bytes)

GC Heap History (0 events):
No events

Deoptimization events (0 events):
No events

Classes redefined (0 events):
No events

Internal exceptions (2 events):
Event: 0.037 Thread 0x000000000043f000 Exception <a 'java/lang/NoSuchMethodError': Method sun.misc.Unsafe.defineClass(Ljava/lang/String;[BII)Ljava/lang/Class; name or signature does not match> (0x00000000feb07ca8) thrown at [D:\src\AOSP-openjdk-cygwin\jdk8u\hotspot\src\share\vm\prims\jni.cpp, 
Event: 0.037 Thread 0x000000000043f000 Exception <a 'java/lang/NoSuchMethodError': Method sun.misc.Unsafe.prefetchRead(Ljava/lang/Object;J)V name or signature does not match> (0x00000000feb07f90) thrown at [D:\src\AOSP-openjdk-cygwin\jdk8u\hotspot\src\share\vm\prims\jni.cpp, line 4011]

Events (10 events):
Event: 0.291 loading class java/util/LinkedHashMap$LinkedEntrySet
Event: 0.291 loading class java/util/LinkedHashMap$LinkedEntrySet done
Event: 0.291 loading class java/util/LinkedHashMap$LinkedEntryIterator
Event: 0.291 loading class java/util/LinkedHashMap$LinkedHashIterator
Event: 0.291 loading class java/util/LinkedHashMap$LinkedHashIterator done
Event: 0.291 loading class java/util/LinkedHashMap$LinkedEntryIterator done
Event: 0.292 loading class java/security/Provider$Service
Event: 0.292 loading class java/security/Provider$Service done
Event: 0.292 loading class java/security/Provider$UString
Event: 0.292 loading class java/security/Provider$UString done


Dynamic libraries:
0x000000013fee0000 - 0x000000013ff11000 	C:\Program Files\Android\Android Studio\jre\bin\java.exe
0x0000000076f40000 - 0x00000000770ea000 	C:\Windows\SYSTEM32\ntdll.dll
0x0000000076e20000 - 0x0000000076f3f000 	C:\Windows\system32\kernel32.dll
0x000007fefcff0000 - 0x000007fefd05a000 	C:\Windows\system32\KERNELBASE.dll
0x000007feff0a0000 - 0x000007feff17b000 	C:\Windows\system32\ADVAPI32.dll
0x000007fefd160000 - 0x000007fefd1ff000 	C:\Windows\system32\msvcrt.dll
0x000007fefd3a0000 - 0x000007fefd3bf000 	C:\Windows\SYSTEM32\sechost.dll
0x000007fefd260000 - 0x000007fefd38d000 	C:\Windows\system32\RPCRT4.dll
0x0000000076d20000 - 0x0000000076e1a000 	C:\Windows\system32\USER32.dll
0x000007fefd3c0000 - 0x000007fefd427000 	C:\Windows\system32\GDI32.dll
0x000007fefef80000 - 0x000007fefef8e000 	C:\Windows\system32\LPK.dll
0x000007feff180000 - 0x000007feff24b000 	C:\Windows\system32\USP10.dll
0x000007fefb800000 - 0x000007fefb9f4000 	C:\Windows\WinSxS\amd64_microsoft.windows.common-controls_6595b64144ccf1df_6.0.7601.17514_none_fa396087175ac9ac\COMCTL32.dll
0x000007fefe5f0000 - 0x000007fefe661000 	C:\Windows\system32\SHLWAPI.dll
0x000007fefee10000 - 0x000007fefee3e000 	C:\Windows\system32\IMM32.DLL
0x000007fefef90000 - 0x000007feff099000 	C:\Windows\system32\MSCTF.dll
0x0000000052610000 - 0x00000000526e2000 	C:\Program Files\Android\Android Studio\jre\jre\bin\msvcr100.dll
0x0000000067db0000 - 0x00000000685f1000 	C:\Program Files\Android\Android Studio\jre\jre\bin\server\jvm.dll
0x000007fef90a0000 - 0x000007fef90a9000 	C:\Windows\system32\WSOCK32.dll
0x000007fefec60000 - 0x000007fefecad000 	C:\Windows\system32\WS2_32.dll
0x000007fefd390000 - 0x000007fefd398000 	C:\Windows\system32\NSI.dll
0x000007fefaa90000 - 0x000007fefaacb000 	C:\Windows\system32\WINMM.dll
0x000007fefbe90000 - 0x000007fefbe9c000 	C:\Windows\system32\VERSION.dll
0x0000000077110000 - 0x0000000077117000 	C:\Windows\system32\PSAPI.DLL
0x000007feee6b0000 - 0x000007feee6bf000 	C:\Program Files\Android\Android Studio\jre\jre\bin\verify.dll
0x000007feee680000 - 0x000007feee6a9000 	C:\Program Files\Android\Android Studio\jre\jre\bin\java.dll
0x000007feee660000 - 0x000007feee676000 	C:\Program Files\Android\Android Studio\jre\jre\bin\zip.dll
0x000007fefd860000 - 0x000007fefe5eb000 	C:\Windows\system32\SHELL32.dll
0x000007fefe670000 - 0x000007fefe86c000 	C:\Windows\system32\ole32.dll
0x000007fefcdb0000 - 0x000007fefcdbf000 	C:\Windows\system32\profapi.dll

VM Arguments:
jvm_args: -Djava.awt.headless=true -Xmx64M -Dfile.encoding=GBK -Duser.country=CN -Duser.language=zh -Duser.variant 
java_command: com.google.devtools.build.android.desugar.Desugar @E:\android_work\DoctorClient\app\build\intermediates\tmp\desugar_args7585087579937137966
java_class_path (initial): C:\Users\ADMINI~1\AppData\Local\Temp\desugar_deploy.jar4845966943103248935
Launcher Type: SUN_STANDARD

Environment Variables:
CLASSPATH=C:\Program Files\Java\jdk1.8.0_202\libtools.jar;C:\Program Files\Java\jdk1.8.0_202\lib\dt.jar
PATH=C:\Program Files (x86)\Common Files\Oracle\Java\javapath;C:\Windows\system32;C:\Windows;C:\Windows\System32\Wbem;C:\Windows\System32\WindowsPowerShell\v1.0\;D:\Program Files\Microsoft SQL Server\110\DTS\Binn\;D:\Program Files (x86)\Microsoft SQL Server\110\Tools\Binn\;D:\Program Files\Microsoft SQL Server\110\Tools\Binn\;D:\Program Files (x86)\Microsoft SQL Server\110\Tools\Binn\ManagementStudio\;C:\Program Files (x86)\Microsoft Visual Studio 10.0\Common7\IDE\PrivateAssemblies\;D:\Program Files (x86)\Microsoft SQL Server\110\DTS\Binn\;C:\Program Files\TortoiseSVN\bin;C:\Program Files\VisualSVN Server\bin;D:\xampp\php;C:\ProgramData\ComposerSetup\bin;D:\Git\cmd;C:\Users\Administrator\AppData\Roaming\Composer\vendor\bin;C:\Program Files\Java\jdk1.8.0_202\bin
USERNAME=Administrator
OS=Windows_NT
PROCESSOR_IDENTIFIER=Intel64 Family 6 Model 42 Stepping 7, GenuineIntel



---------------  S Y S T E M  ---------------

OS: Windows 7 , 64 bit Build 7601 (6.1.7601.23864)

CPU:total 4 (initial active 4) (4 cores per cpu, 1 threads per core) family 6 model 42 stepping 7, cmov, cx8, fxsr, mmx, sse, sse2, sse3, ssse3, sse4.1, sse4.2, popcnt, avx, aes, clmul, tsc, tscinvbit

Memory: 4k page, physical 8276896k(564780k free), swap 8275036k(5084k free)

vm_info: OpenJDK 64-Bit Server VM (25.152-b01) for windows-amd64 JRE (1.8.0_152-release-1248-b01), built by "builder" with MS VC++ 10.0 (VS2010)

time: Fri May 17 17:13:45 2019
elapsed time: 0 seconds (0d 0h 0m 0s)

