#
# There is insufficient memory for the Java Runtime Environment to continue.
# Native memory allocation (malloc) failed to allocate 32744 bytes for ChunkPool::allocate
# Possible reasons:
#   The system is out of physical RAM or swap space
#   In 32 bit mode, the process size limit was hit
# Possible solutions:
#   Reduce memory load on the system
#   Increase physical memory or swap space
#   Check if swap backing store is full
#   Use 64 bit Java on a 64 bit OS
#   Decrease Java heap size (-Xmx/-Xms)
#   Decrease number of Java threads
#   Decrease Java thread stack sizes (-Xss)
#   Set larger code cache with -XX:ReservedCodeCacheSize=
# This output file may be truncated or incomplete.
#
#  Out of Memory Error (allocation.cpp:273), pid=14548, tid=0x0000000000003bec
#
# JRE version: OpenJDK Runtime Environment (8.0_152-b01) (build 1.8.0_152-release-1248-b01)
# Java VM: OpenJDK 64-Bit Server VM (25.152-b01 mixed mode windows-amd64 compressed oops)
# Failed to write core dump. Minidumps are not enabled by default on client versions of Windows
#

---------------  T H R E A D  ---------------

Current thread (0x0000000054005800):  JavaThread "C2 CompilerThread1" daemon [_thread_in_vm, id=15340, stack(0x00000000548d0000,0x00000000549d0000)]

Stack: [0x00000000548d0000,0x00000000549d0000]
[error occurred during error reporting (printing stack bounds), id 0xc0000005]

Native frames: (J=compiled Java code, j=interpreted, Vv=VM code, C=native code)


Current CompileTask:
C2:    298   55       4       java.lang.CharacterData::of (120 bytes)


---------------  P R O C E S S  ---------------

Java Threads: ( => current thread )
  0x0000000054009000 JavaThread "Service Thread" daemon [_thread_blocked, id=17800, stack(0x0000000054c50000,0x0000000054d50000)]
  0x0000000054006800 JavaThread "C1 CompilerThread2" daemon [_thread_in_native, id=14680, stack(0x0000000054ac0000,0x0000000054bc0000)]
=>0x0000000054005800 JavaThread "C2 CompilerThread1" daemon [_thread_in_vm, id=15340, stack(0x00000000548d0000,0x00000000549d0000)]
  0x00000000528ee000 JavaThread "C2 CompilerThread0" daemon [_thread_in_native, id=17960, stack(0x0000000054700000,0x0000000054800000)]
  0x0000000053f8b000 JavaThread "Attach Listener" daemon [_thread_blocked, id=9420, stack(0x0000000054600000,0x0000000054700000)]
  0x0000000053f88800 JavaThread "Signal Dispatcher" daemon [_thread_blocked, id=15244, stack(0x00000000543e0000,0x00000000544e0000)]
  0x00000000528c8800 JavaThread "Finalizer" daemon [_thread_blocked, id=1116, stack(0x0000000053e80000,0x0000000053f80000)]
  0x0000000052881800 JavaThread "Reference Handler" daemon [_thread_blocked, id=18892, stack(0x0000000053c80000,0x0000000053d80000)]
  0x000000000047f000 JavaThread "main" [_thread_in_native, id=18764, stack(0x00000000021e0000,0x00000000022e0000)]

Other Threads:
  0x000000005287a000 VMThread [stack: 0x00000000539e0000,0x0000000053ae0000] [id=17976]
  0x000000005400c000 WatcherThread [stack: 0x0000000054d90000,0x0000000054e90000] [id=11816]

VM state:not at safepoint (normal execution)

VM Mutex/Monitor currently owned by a thread: None

Heap:
 PSYoungGen      total 18944K, used 1966K [0x00000000feb00000, 0x0000000100000000, 0x0000000100000000)
  eden space 16384K, 12% used [0x00000000feb00000,0x00000000feceba38,0x00000000ffb00000)
  from space 2560K, 0% used [0x00000000ffd80000,0x00000000ffd80000,0x0000000100000000)
  to   space 2560K, 0% used [0x00000000ffb00000,0x00000000ffb00000,0x00000000ffd80000)
 ParOldGen       total 44032K, used 0K [0x00000000fc000000, 0x00000000feb00000, 0x00000000feb00000)
  object space 44032K, 0% used [0x00000000fc000000,0x00000000fc000000,0x00000000feb00000)
 Metaspace       used 3474K, capacity 4652K, committed 4864K, reserved 1056768K
  class space    used 363K, capacity 424K, committed 512K, reserved 1048576K

Card table byte_map: [0x0000000000440000,0x0000000000470000] byte_map_base: 0xffffffffffc60000

Marking Bits: (ParMarkBitMap*) 0x0000000068575aa0
 Begin Bits: [0x0000000011bf0000, 0x0000000011cf0000)
 End Bits:   [0x0000000011cf0000, 0x0000000011df0000)

Polling page: 0x0000000000410000

CodeCache: size=245760Kb used=1149Kb max_used=1149Kb free=244611Kb
 bounds [0x00000000022e0000, 0x0000000002550000, 0x00000000112e0000]
 total_blobs=305 nmethods=50 adapters=169
 compilation: enabled

Compilation events (10 events):
Event: 0.295 Thread 0x0000000054006800   47       3       java.lang.StringBuilder::toString (17 bytes)
Event: 0.295 Thread 0x0000000054006800 nmethod 47 0x00000000023fde50 code [0x00000000023fdfc0, 0x00000000023fe1a8]
Event: 0.295 Thread 0x0000000054006800   48       3       java.lang.StringBuilder::<init> (7 bytes)
Event: 0.295 Thread 0x0000000054006800 nmethod 48 0x00000000023fe250 code [0x00000000023fe3c0, 0x00000000023fe670]
Event: 0.296 Thread 0x0000000054006800   49       3       java.lang.Character::toLowerCase (6 bytes)
Event: 0.296 Thread 0x0000000054006800 nmethod 49 0x00000000023fe790 code [0x00000000023fe900, 0x00000000023feb98]
Event: 0.296 Thread 0x0000000054006800   50       3       java.lang.String::indexOf (166 bytes)
Event: 0.297 Thread 0x0000000054006800 nmethod 50 0x00000000023fecd0 code [0x00000000023fee80, 0x00000000023ff4d0]
Event: 0.297 Thread 0x0000000054006800   51       3       java.lang.String::toLowerCase (439 bytes)
Event: 0.297 Thread 0x0000000054005800   55       4       java.lang.CharacterData::of (120 bytes)

GC Heap History (0 events):
No events

Deoptimization events (0 events):
No events

Classes redefined (0 events):
No events

Internal exceptions (2 events):
Event: 0.037 Thread 0x000000000047f000 Exception <a 'java/lang/NoSuchMethodError': Method sun.misc.Unsafe.defineClass(Ljava/lang/String;[BII)Ljava/lang/Class; name or signature does not match> (0x00000000feb07ca8) thrown at [D:\src\AOSP-openjdk-cygwin\jdk8u\hotspot\src\share\vm\prims\jni.cpp, 
Event: 0.037 Thread 0x000000000047f000 Exception <a 'java/lang/NoSuchMethodError': Method sun.misc.Unsafe.prefetchRead(Ljava/lang/Object;J)V name or signature does not match> (0x00000000feb07f90) thrown at [D:\src\AOSP-openjdk-cygwin\jdk8u\hotspot\src\share\vm\prims\jni.cpp, line 4011]

Events (10 events):
Event: 0.295 loading class java/util/LinkedHashMap$LinkedEntrySet
Event: 0.295 loading class java/util/LinkedHashMap$LinkedEntrySet done
Event: 0.295 loading class java/util/LinkedHashMap$LinkedEntryIterator
Event: 0.295 loading class java/util/LinkedHashMap$LinkedHashIterator
Event: 0.295 loading class java/util/LinkedHashMap$LinkedHashIterator done
Event: 0.295 loading class java/util/LinkedHashMap$LinkedEntryIterator done
Event: 0.296 loading class java/security/Provider$Service
Event: 0.296 loading class java/security/Provider$Service done
Event: 0.296 loading class java/security/Provider$UString
Event: 0.296 loading class java/security/Provider$UString done


Dynamic libraries:
0x000000013fee0000 - 0x000000013ff11000 	C:\Program Files\Android\Android Studio\jre\bin\java.exe
0x0000000076f40000 - 0x00000000770ea000 	C:\Windows\SYSTEM32\ntdll.dll
0x0000000076e20000 - 0x0000000076f3f000 	C:\Windows\system32\kernel32.dll
0x000007fefcff0000 - 0x000007fefd05a000 	C:\Windows\system32\KERNELBASE.dll
0x000007feff0a0000 - 0x000007feff17b000 	C:\Windows\system32\ADVAPI32.dll
0x000007fefd160000 - 0x000007fefd1ff000 	C:\Windows\system32\msvcrt.dll
0x000007fefd3a0000 - 0x000007fefd3bf000 	C:\Windows\SYSTEM32\sechost.dll
0x000007fefd260000 - 0x000007fefd38d000 	C:\Windows\system32\RPCRT4.dll
0x0000000076d20000 - 0x0000000076e1a000 	C:\Windows\system32\USER32.dll
0x000007fefd3c0000 - 0x000007fefd427000 	C:\Windows\system32\GDI32.dll
0x000007fefef80000 - 0x000007fefef8e000 	C:\Windows\system32\LPK.dll
0x000007feff180000 - 0x000007feff24b000 	C:\Windows\system32\USP10.dll
0x000007fefb800000 - 0x000007fefb9f4000 	C:\Windows\WinSxS\amd64_microsoft.windows.common-controls_6595b64144ccf1df_6.0.7601.17514_none_fa396087175ac9ac\COMCTL32.dll
0x000007fefe5f0000 - 0x000007fefe661000 	C:\Windows\system32\SHLWAPI.dll
0x000007fefee10000 - 0x000007fefee3e000 	C:\Windows\system32\IMM32.DLL
0x000007fefef90000 - 0x000007feff099000 	C:\Windows\system32\MSCTF.dll
0x0000000052610000 - 0x00000000526e2000 	C:\Program Files\Android\Android Studio\jre\jre\bin\msvcr100.dll
0x0000000067db0000 - 0x00000000685f1000 	C:\Program Files\Android\Android Studio\jre\jre\bin\server\jvm.dll
0x000007fef90a0000 - 0x000007fef90a9000 	C:\Windows\system32\WSOCK32.dll
0x000007fefec60000 - 0x000007fefecad000 	C:\Windows\system32\WS2_32.dll
0x000007fefd390000 - 0x000007fefd398000 	C:\Windows\system32\NSI.dll
0x000007fefaa90000 - 0x000007fefaacb000 	C:\Windows\system32\WINMM.dll
0x000007fefbe90000 - 0x000007fefbe9c000 	C:\Windows\system32\VERSION.dll
0x0000000077110000 - 0x0000000077117000 	C:\Windows\system32\PSAPI.DLL
0x000007feee6b0000 - 0x000007feee6bf000 	C:\Program Files\Android\Android Studio\jre\jre\bin\verify.dll
0x000007feee680000 - 0x000007feee6a9000 	C:\Program Files\Android\Android Studio\jre\jre\bin\java.dll
0x000007feee660000 - 0x000007feee676000 	C:\Program Files\Android\Android Studio\jre\jre\bin\zip.dll
0x000007fefd860000 - 0x000007fefe5eb000 	C:\Windows\system32\SHELL32.dll
0x000007fefe670000 - 0x000007fefe86c000 	C:\Windows\system32\ole32.dll
0x000007fefcdb0000 - 0x000007fefcdbf000 	C:\Windows\system32\profapi.dll

VM Arguments:
jvm_args: -Djava.awt.headless=true -Xmx64M -Dfile.encoding=GBK -Duser.country=CN -Duser.language=zh -Duser.variant 
java_command: com.google.devtools.build.android.desugar.Desugar @E:\android_work\DoctorClient\app\build\intermediates\tmp\desugar_args7025361854260790845
java_class_path (initial): C:\Users\ADMINI~1\AppData\Local\Temp\desugar_deploy.jar4845966943103248935
Launcher Type: SUN_STANDARD

Environment Variables:



---------------  S Y S T E M  ---------------

OS: Windows 7 , 64 bit Build 7601 (6.1.7601.23864)

CPU:total 4 (initial active 4) (4 cores per cpu, 1 threads per core) family 6 model 42 stepping 7, cmov, cx8, fxsr, mmx, sse, sse2, sse3, ssse3, sse4.1, sse4.2, popcnt, avx, aes, clmul, tsc, tscinvbit

Memory: 4k page, physical 8276896k(564736k free), swap 8275036k(4968k free)

vm_info: OpenJDK 64-Bit Server VM (25.152-b01) for windows-amd64 JRE (1.8.0_152-release-1248-b01), built by "builder" with MS VC++ 10.0 (VS2010)

time: Fri May 17 17:13:45 2019
elapsed time: 0 seconds (0d 0h 0m 0s)

